<?xml version="1.0" encoding="UTF-8"?>
<!-- Generated by org.testng.reporters.JUnitXMLReporter -->
<testsuite ignored="0" hostname="ACER" failures="3" tests="7" name="FirefoxTest" time="26.88" errors="0" timestamp="2023-06-03T10:55:34 IST">
  <testcase classname="DemoTestNG.DemoTestNG2" name="VerifysignupButtononSignupPage" time="1.037"/>
  <testcase classname="DemoTestNG.DemoTestNG2" name="VerifyMessageonSignUppage" time="0.031">
    <failure type="java.lang.AssertionError" message="The following asserts failed:
	Text is wrong expected [Add new user] but found [Selenium Webdriver]">
      <![CDATA[java.lang.AssertionError: The following asserts failed:
Text is wrong expected [Add new user] but found [Selenium Webdriver]
at DemoTestNG.DemoTestNG2.VerifyMessageonSignUppage(DemoTestNG2.java:114)
at java.base/java.util.concurrent.ThreadPoolExecutor.runWorker(ThreadPoolExecutor.java:1136)
at java.base/java.util.concurrent.ThreadPoolExecutor$Worker.run(ThreadPoolExecutor.java:635)
at java.base/java.lang.Thread.run(Thread.java:833)
... Removed 14 stack frames]]>
    </failure>
  </testcase> <!-- VerifyMessageonSignUppage -->
  <testcase classname="DemoTestNG.LoginTestNG" name="VerifyLoginPageisOpen" time="0.001"/>
  <testcase classname="DemoTestNG.DemoTestNG2" name="VerifytheaccountisalreadyExit" time="1.476">
    <failure type="java.lang.NoSuchMethodError" message="&amp;apos;java.lang.ClassLoader[] org.apache.logging.log4j.util.LoaderUtil.getClassLoaders()&amp;apos;">
      <![CDATA[java.lang.NoSuchMethodError: 'java.lang.ClassLoader[] org.apache.logging.log4j.util.LoaderUtil.getClassLoaders()'
at org.apache.logging.log4j.core.impl.ThreadContextDataInjector.getServiceProviders(ThreadContextDataInjector.java:83)
at org.apache.logging.log4j.core.impl.ThreadContextDataInjector.initServiceProviders(ThreadContextDataInjector.java:73)
at org.apache.logging.log4j.core.impl.ThreadContextDataInjector.getProviders(ThreadContextDataInjector.java:285)
at org.apache.logging.log4j.core.impl.ThreadContextDataInjector.access$000(ThreadContextDataInjector.java:55)
at org.apache.logging.log4j.core.impl.ThreadContextDataInjector$ForCopyOnWriteThreadContextMap.<init>(ThreadContextDataInjector.java:226)
at org.apache.logging.log4j.core.impl.ContextDataInjectorFactory.createDefaultInjector(ContextDataInjectorFactory.java:94)
at org.apache.logging.log4j.core.impl.ContextDataInjectorFactory.createInjector(ContextDataInjectorFactory.java:71)
at org.apache.logging.log4j.core.lookup.ContextMapLookup.<init>(ContextMapLookup.java:34)
at org.apache.logging.log4j.core.lookup.Interpolator.<init>(Interpolator.java:131)
at org.apache.logging.log4j.core.config.AbstractConfiguration.<init>(AbstractConfiguration.java:133)
at org.apache.logging.log4j.core.config.NullConfiguration.<init>(NullConfiguration.java:32)
at org.apache.logging.log4j.core.LoggerContext.<clinit>(LoggerContext.java:85)
at org.apache.logging.log4j.core.selector.ClassLoaderContextSelector.createContext(ClassLoaderContextSelector.java:254)
at org.apache.logging.log4j.core.selector.ClassLoaderContextSelector.locateContext(ClassLoaderContextSelector.java:218)
at org.apache.logging.log4j.core.selector.ClassLoaderContextSelector.getContext(ClassLoaderContextSelector.java:136)
at org.apache.logging.log4j.core.selector.ClassLoaderContextSelector.getContext(ClassLoaderContextSelector.java:123)
at org.apache.logging.log4j.core.selector.ClassLoaderContextSelector.getContext(ClassLoaderContextSelector.java:117)
at org.apache.logging.log4j.core.impl.Log4jContextFactory.getContext(Log4jContextFactory.java:150)
at org.apache.logging.log4j.core.impl.Log4jContextFactory.getContext(Log4jContextFactory.java:47)
at org.apache.logging.log4j.LogManager.getContext(LogManager.java:196)
at org.apache.logging.log4j.LogManager.getLogger(LogManager.java:599)
at org.apache.poi.util.IOUtils.<clinit>(IOUtils.java:43)
at org.apache.poi.poifs.filesystem.FileMagic.valueOf(FileMagic.java:209)
at org.apache.poi.ss.usermodel.WorkbookFactory.create(WorkbookFactory.java:222)
at org.apache.poi.ss.usermodel.WorkbookFactory.create(WorkbookFactory.java:185)
at Utils.Utility.getExcelData(Utility.java:51)
at DemoTestNG.DemoTestNG2.VerifytheaccountisalreadyExit(DemoTestNG2.java:131)
at java.base/java.util.concurrent.ThreadPoolExecutor.runWorker(ThreadPoolExecutor.java:1136)
at java.base/java.util.concurrent.ThreadPoolExecutor$Worker.run(ThreadPoolExecutor.java:635)
at java.base/java.lang.Thread.run(Thread.java:833)
... Removed 12 stack frames]]>
    </failure>
  </testcase> <!-- VerifytheaccountisalreadyExit -->
  <testcase classname="DemoTestNG.LoginTestNG" name="VerifyLoginTextprsentinPage" time="0.025"/>
  <testcase classname="DemoTestNG.DemoTestNG2" name="VerifyMessageonSignUpPageisSignup" time="0.025"/>
  <testcase classname="DemoTestNG.LoginTestNG" name="VerifyLoginFunctionality" time="3.014">
    <failure type="java.lang.NoClassDefFoundError" message="Could not initialize class org.apache.poi.util.IOUtils">
      <![CDATA[java.lang.NoClassDefFoundError: Could not initialize class org.apache.poi.util.IOUtils
at org.apache.poi.poifs.filesystem.FileMagic.valueOf(FileMagic.java:209)
at org.apache.poi.ss.usermodel.WorkbookFactory.create(WorkbookFactory.java:222)
at org.apache.poi.ss.usermodel.WorkbookFactory.create(WorkbookFactory.java:185)
at Utils.Utility.getExcelData(Utility.java:51)
at DemoTestNG.LoginTestNG.VerifyLoginFunctionality(LoginTestNG.java:132)
at java.base/java.util.concurrent.ThreadPoolExecutor.runWorker(ThreadPoolExecutor.java:1136)
at java.base/java.util.concurrent.ThreadPoolExecutor$Worker.run(ThreadPoolExecutor.java:635)
at java.base/java.lang.Thread.run(Thread.java:833)
... Removed 12 stack frames]]>
    </failure>
  </testcase> <!-- VerifyLoginFunctionality -->
</testsuite> <!-- FirefoxTest -->
